0 verbose cli C:\Program Files\nodejs\node.exe C:\Users\Ujjawal kumar\AppData\Roaming\npm\node_modules\npm\bin\npm-cli.js
1 info using npm@11.9.0
2 info using node@v22.17.0
3 silly config load:file:C:\Users\Ujjawal kumar\AppData\Roaming\npm\node_modules\npm\npmrc
4 silly config load:file:E:\SeptInnovation\backend\.npmrc
5 silly config load:file:C:\Users\Ujjawal kumar\.npmrc
6 silly config load:file:C:\Users\Ujjawal kumar\AppData\Roaming\npm\etc\npmrc
7 verbose title npm install @azure/msal-node@latest
8 verbose argv "install" "@azure/msal-node@latest"
9 verbose logfile logs-max:10 dir:e:\SeptInnovation\.npm-cache\_logs\2026-03-26T09_31_06_800Z-
10 verbose logfile e:\SeptInnovation\.npm-cache\_logs\2026-03-26T09_31_06_800Z-debug-0.log
11 silly logfile done cleaning log files
12 silly packumentCache heap:2197815296 maxSize:549453824 maxEntrySize:274726912
13 silly packumentCache corgi:https://registry.npmjs.org/@azure%2fmsal-node cache-miss
14 http fetch GET 200 https://registry.npmjs.org/@azure%2fmsal-node 563ms (cache miss)
15 silly packumentCache corgi:https://registry.npmjs.org/@azure%2fmsal-node set size:undefined disposed:false
16 silly idealTree buildDeps
17 silly fetch manifest @azure/msal-node@5.1.1
18 silly packumentCache full:https://registry.npmjs.org/@azure%2fmsal-node cache-miss
19 http cache https://registry.npmjs.org/@azure%2fmsal-node 8ms (cache hit)
20 silly packumentCache full:https://registry.npmjs.org/@azure%2fmsal-node set size:559498 disposed:false
21 silly placeDep ROOT @azure/msal-node@5.1.1 REPLACE for: sept-innovation-backend@1.0.0 want: 5.1.1
22 silly fetch manifest @azure/msal-common@16.4.0
23 silly packumentCache full:https://registry.npmjs.org/@azure%2fmsal-common cache-miss
24 http cache https://registry.npmjs.org/@azure%2fmsal-common 6ms (cache hit)
25 silly packumentCache full:https://registry.npmjs.org/@azure%2fmsal-common set size:630332 disposed:false
26 silly fetch manifest @azure/msal-node@^1.10.0
27 silly packumentCache full:https://registry.npmjs.org/@azure%2fmsal-node cache-hit
28 silly placeDep node_modules/@azure/identity @azure/msal-node@1.18.4 OK for: @azure/identity@2.1.0 want: ^1.10.0
29 silly fetch manifest @azure/msal-common@13.3.1
30 silly packumentCache full:https://registry.npmjs.org/@azure%2fmsal-common cache-hit
31 silly placeDep node_modules/@azure/msal-node @azure/msal-common@16.4.0 OK for: @azure/msal-node@5.1.1 want: 16.4.0
32 silly placeDep node_modules/@azure/identity/node_modules/@azure/msal-node @azure/msal-common@13.3.1 OK for: @azure/msal-node@1.18.4 want: 13.3.1
33 warn EBADENGINE Unsupported engine {
33 warn EBADENGINE   package: '@azure/msal-node@1.18.4',
33 warn EBADENGINE   required: { node: '10 || 12 || 14 || 16 || 18' },
33 warn EBADENGINE   current: { node: 'v22.17.0', npm: '11.9.0' }
33 warn EBADENGINE }
34 silly reify mark retired [ 'E:\\SeptInnovation\\backend\\node_modules\\@azure\\msal-node' ]
35 silly reify moves {
35 silly reify   'E:\\SeptInnovation\\backend\\node_modules\\@azure\\msal-node': 'E:\\SeptInnovation\\backend\\node_modules\\@azure\\.msal-node-4dwu9MVz'
35 silly reify }
36 silly audit bulk request {
36 silly audit   '@azure-rest/core-client': [ '2.5.1' ],
36 silly audit   '@azure/abort-controller': [ '2.1.2', '1.1.0' ],
36 silly audit   '@azure/core-auth': [ '1.10.1' ],
36 silly audit   '@azure/core-client': [ '1.10.1' ],
36 silly audit   '@azure/core-http-compat': [ '2.3.2' ],
36 silly audit   '@azure/core-lro': [ '2.7.2' ],
36 silly audit   '@azure/core-paging': [ '1.6.2' ],
36 silly audit   '@azure/core-rest-pipeline': [ '1.23.0' ],
36 silly audit   '@azure/core-tracing': [ '1.3.1' ],
36 silly audit   '@azure/core-util': [ '1.13.1' ],
36 silly audit   '@azure/identity': [ '2.1.0' ],
36 silly audit   uuid: [ '8.3.2', '9.0.1' ],
36 silly audit   '@azure/keyvault-common': [ '2.0.0' ],
36 silly audit   '@azure/keyvault-keys': [ '4.10.0' ],
36 silly audit   '@azure/logger': [ '1.3.0' ],
36 silly audit   '@azure/msal-browser': [ '2.39.0' ],
36 silly audit   '@azure/msal-common': [ '13.3.3', '7.6.0', '16.4.0', '13.3.1' ],
36 silly audit   '@babel/code-frame': [ '7.29.0' ],
36 silly audit   '@babel/compat-data': [ '7.29.0' ],
36 silly audit   '@babel/core': [ '7.29.0' ],
36 silly audit   semver: [ '6.3.1', '7.7.4' ],
36 silly audit   '@babel/generator': [ '7.29.1' ],
36 silly audit   '@babel/helper-compilation-targets': [ '7.28.6' ],
36 silly audit   '@babel/helper-globals': [ '7.28.0' ],
36 silly audit   '@babel/helper-module-imports': [ '7.28.6' ],
36 silly audit   '@babel/helper-module-transforms': [ '7.28.6' ],
36 silly audit   '@babel/helper-plugin-utils': [ '7.28.6' ],
36 silly audit   '@babel/helper-string-parser': [ '7.27.1' ],
36 silly audit   '@babel/helper-validator-identifier': [ '7.28.5' ],
36 silly audit   '@babel/helper-validator-option': [ '7.27.1' ],
36 silly audit   '@babel/helpers': [ '7.28.6' ],
36 silly audit   '@babel/parser': [ '7.29.0' ],
36 silly audit   '@babel/plugin-syntax-async-generators': [ '7.8.4' ],
36 silly audit   '@babel/plugin-syntax-bigint': [ '7.8.3' ],
36 silly audit   '@babel/plugin-syntax-class-properties': [ '7.12.13' ],
36 silly audit   '@babel/plugin-syntax-class-static-block': [ '7.14.5' ],
36 silly audit   '@babel/plugin-syntax-import-attributes': [ '7.28.6' ],
36 silly audit   '@babel/plugin-syntax-import-meta': [ '7.10.4' ],
36 silly audit   '@babel/plugin-syntax-json-strings': [ '7.8.3' ],
36 silly audit   '@babel/plugin-syntax-jsx': [ '7.28.6' ],
36 silly audit   '@babel/plugin-syntax-logical-assignment-operators': [ '7.10.4' ],
36 silly audit   '@babel/plugin-syntax-nullish-coalescing-operator': [ '7.8.3' ],
36 silly audit   '@babel/plugin-syntax-numeric-separator': [ '7.10.4' ],
36 silly audit   '@babel/plugin-syntax-object-rest-spread': [ '7.8.3' ],
36 silly audit   '@babel/plugin-syntax-optional-catch-binding': [ '7.8.3' ],
36 silly audit   '@babel/plugin-syntax-optional-chaining': [ '7.8.3' ],
36 silly audit   '@babel/plugin-syntax-private-property-in-object': [ '7.14.5' ],
36 silly audit   '@babel/plugin-syntax-top-level-await': [ '7.14.5' ],
36 silly audit   '@babel/plugin-syntax-typescript': [ '7.28.6' ],
36 silly audit   '@babel/template': [ '7.28.6' ],
36 silly audit   '@babel/traverse': [ '7.29.0' ],
36 silly audit   '@babel/types': [ '7.29.0' ],
36 silly audit   '@bcoe/v8-coverage': [ '0.2.3' ],
36 silly audit   '@colors/colors': [ '1.6.0' ],
36 silly audit   '@cspotcode/source-map-support': [ '0.8.1' ],
36 silly audit   '@jridgewell/trace-mapping': [ '0.3.9', '0.3.31' ],
36 silly audit   '@dabh/diagnostics': [ '2.0.8' ],
36 silly audit   '@eslint-community/eslint-utils': [ '4.9.1' ],
36 silly audit   '@eslint-community/regexpp': [ '4.12.2' ],
36 silly audit   '@eslint/eslintrc': [ '2.1.4' ],
36 silly audit   'brace-expansion': [ '1.1.12', '2.0.2' ],
36 silly audit   minimatch: [ '3.1.5', '9.0.3' ],
36 silly audit   '@eslint/js': [ '8.57.1' ],
36 silly audit   '@hapi/hoek': [ '9.3.0' ],
36 silly audit   '@hapi/topo': [ '5.1.0' ],
36 silly audit   '@humanwhocodes/config-array': [ '0.13.0' ],
36 silly audit   '@humanwhocodes/module-importer': [ '1.0.1' ],
36 silly audit   '@humanwhocodes/object-schema': [ '2.0.3' ],
36 silly audit   '@istanbuljs/load-nyc-config': [ '1.1.0' ],
36 silly audit   argparse: [ '1.0.10', '2.0.1' ],
36 silly audit   'find-up': [ '4.1.0', '5.0.0' ],
36 silly audit   'js-yaml': [ '3.14.2', '4.1.1' ],
36 silly audit   'locate-path': [ '5.0.0', '6.0.0' ],
36 silly audit   'p-limit': [ '2.3.0', '3.1.0' ],
36 silly audit   'p-locate': [ '4.1.0', '5.0.0' ],
36 silly audit   'resolve-from': [ '5.0.0', '4.0.0' ],
36 silly audit   '@istanbuljs/schema': [ '0.1.3' ],
36 silly audit   '@jest/console': [ '29.7.0' ],
36 silly audit   '@jest/core': [ '29.7.0' ],
36 silly audit   '@jest/environment': [ '29.7.0' ],
36 silly audit   '@jest/expect': [ '29.7.0' ],
36 silly audit   '@jest/expect-utils': [ '29.7.0' ],
36 silly audit   '@jest/fake-timers': [ '29.7.0' ],
36 silly audit   '@jest/globals': [ '29.7.0' ],
36 silly audit   '@jest/reporters': [ '29.7.0' ],
36 silly audit   '@jest/schemas': [ '29.6.3' ],
36 silly audit   '@jest/source-map': [ '29.6.3' ],
36 silly audit   '@jest/test-result': [ '29.7.0' ],
36 silly audit   '@jest/test-sequencer': [ '29.7.0' ],
36 silly audit   '@jest/transform': [ '29.7.0' ],
36 silly audit   '@jest/types': [ '29.6.3' ],
36 silly audit   '@jridgewell/gen-mapping': [ '0.3.13' ],
36 silly audit   '@jridgewell/remapping': [ '2.3.5' ],
36 silly audit   '@jridgewell/resolve-uri': [ '3.1.2' ],
36 silly audit   '@jridgewell/sourcemap-codec': [ '1.5.5' ],
36 silly audit   '@js-joda/core': [ '5.7.0' ],
36 silly audit   '@nodelib/fs.scandir': [ '2.1.5' ],
36 silly audit   '@nodelib/fs.stat': [ '2.0.5' ],
36 silly audit   '@nodelib/fs.walk': [ '1.2.8' ],
36 silly audit   '@sideway/address': [ '4.1.5' ],
36 silly audit   '@sideway/formula': [ '3.0.1' ],
36 silly audit   '@sideway/pinpoint': [ '2.0.0' ],
36 silly audit   '@sinclair/typebox': [ '0.27.10' ],
36 silly audit   '@sinonjs/commons': [ '3.0.1' ],
36 silly audit   '@sinonjs/fake-timers': [ '10.3.0' ],
36 silly audit   '@so-ric/colorspace': [ '1.1.6' ],
36 silly audit   '@tediousjs/connection-string': [ '0.5.0' ],
36 silly audit   '@tsconfig/node10': [ '1.0.12' ],
36 silly audit   '@tsconfig/node12': [ '1.0.11' ],
36 silly audit   '@tsconfig/node14': [ '1.0.3' ],
36 silly audit   '@tsconfig/node16': [ '1.0.4' ],
36 silly audit   '@types/babel__core': [ '7.20.5' ],
36 silly audit   '@types/babel__generator': [ '7.27.0' ],
36 silly audit   '@types/babel__template': [ '7.4.4' ],
36 silly audit   '@types/babel__traverse': [ '7.28.0' ],
36 silly audit   '@types/body-parser': [ '1.19.6' ],
36 silly audit   '@types/connect': [ '3.4.38' ],
36 silly audit   '@types/cors': [ '2.8.19' ],
36 silly audit   '@types/express': [ '4.17.25' ],
36 silly audit   '@types/express-serve-static-core': [ '4.19.8' ],
36 silly audit   '@types/graceful-fs': [ '4.1.9' ],
36 silly audit   '@types/http-errors': [ '2.0.5' ],
36 silly audit   '@types/istanbul-lib-coverage': [ '2.0.6' ],
36 silly audit   '@types/istanbul-lib-report': [ '3.0.3' ],
36 silly audit   '@types/istanbul-reports': [ '3.0.4' ],
36 silly audit   '@types/jest': [ '29.5.14' ],
36 silly audit   '@types/json-schema': [ '7.0.15' ],
36 silly audit   '@types/jsonwebtoken': [ '9.0.10' ],
36 silly audit   '@types/mime': [ '1.3.5' ],
36 silly audit   '@types/ms': [ '2.1.0' ],
36 silly audit   '@types/mssql': [ '8.1.2' ],
36 silly audit   '@types/node': [ '20.19.35' ],
36 silly audit   '@types/qs': [ '6.14.0' ],
36 silly audit   '@types/range-parser': [ '1.2.7' ],
36 silly audit   '@types/semver': [ '7.7.1' ],
36 silly audit   '@types/send': [ '1.2.1', '0.17.6' ],
36 silly audit   '@types/serve-static': [ '1.15.10' ],
36 silly audit   '@types/stack-utils': [ '2.0.3' ],
36 silly audit   '@types/tedious': [ '4.0.14' ],
36 silly audit   '@types/triple-beam': [ '1.3.5' ],
36 silly audit   '@types/uuid': [ '10.0.0' ],
36 silly audit   '@types/yargs': [ '17.0.35' ],
36 silly audit   '@types/yargs-parser': [ '21.0.3' ],
36 silly audit   '@typescript-eslint/eslint-plugin': [ '6.21.0' ],
36 silly audit   '@typescript-eslint/parser': [ '6.21.0' ],
36 silly audit   '@typescript-eslint/scope-manager': [ '6.21.0' ],
36 silly audit   '@typescript-eslint/type-utils': [ '6.21.0' ],
36 silly audit   '@typescript-eslint/types': [ '6.21.0' ],
36 silly audit   '@typescript-eslint/typescript-estree': [ '6.21.0' ],
36 silly audit   '@typescript-eslint/utils': [ '6.21.0' ],
36 silly audit   '@typescript-eslint/visitor-keys': [ '6.21.0' ],
36 silly audit   '@typespec/ts-http-runtime': [ '0.3.4' ],
36 silly audit   '@ungap/structured-clone': [ '1.3.0' ],
36 silly audit   accepts: [ '1.3.8' ],
36 silly audit   acorn: [ '8.16.0' ],
36 silly audit   'acorn-jsx': [ '5.3.2' ],
36 silly audit   'acorn-walk': [ '8.3.5' ],
36 silly audit   'agent-base': [ '7.1.4' ],
36 silly audit   ajv: [ '6.14.0' ],
36 silly audit   'ansi-escapes': [ '4.3.2' ],
36 silly audit   'type-fest': [ '0.21.3', '4.41.0', '0.20.2' ],
36 silly audit   'ansi-regex': [ '5.0.1' ],
36 silly audit   'ansi-styles': [ '4.3.0', '5.2.0' ],
36 silly audit   anymatch: [ '3.1.3' ],
36 silly audit   arg: [ '4.1.3' ],
36 silly audit   'array-buffer-byte-length': [ '1.0.2' ],
36 silly audit   'array-flatten': [ '1.1.1' ],
36 silly audit   'array-union': [ '2.1.0' ],
36 silly audit   'arraybuffer.prototype.slice': [ '1.0.4' ],
36 silly audit   async: [ '3.2.6' ],
36 silly audit   'async-function': [ '1.0.0' ],
36 silly audit   asynckit: [ '0.4.0' ],
36 silly audit   'available-typed-arrays': [ '1.0.7' ],
36 silly audit   axios: [ '1.13.6' ],
36 silly audit   'babel-jest': [ '29.7.0' ],
36 silly audit   'babel-plugin-istanbul': [ '6.1.1' ],
36 silly audit   'istanbul-lib-instrument': [ '5.2.1', '6.0.3' ],
36 silly audit   'babel-plugin-jest-hoist': [ '29.6.3' ],
36 silly audit   'babel-preset-current-node-syntax': [ '1.2.0' ],
36 silly audit   'babel-preset-jest': [ '29.6.3' ],
36 silly audit   'balanced-match': [ '1.0.2' ],
36 silly audit   'base64-js': [ '1.5.1' ],
36 silly audit   'baseline-browser-mapping': [ '2.10.0' ],
36 silly audit   bcryptjs: [ '2.4.3' ],
36 silly audit   bl: [ '5.1.0' ],
36 silly audit   'body-parser': [ '1.20.4' ],
36 silly audit   debug: [ '2.6.9', '4.4.3' ],
36 silly audit   ms: [ '2.0.0', '2.1.3' ],
36 silly audit   braces: [ '3.0.3' ],
36 silly audit   browserslist: [ '4.28.1' ],
36 silly audit   'bs-logger': [ '0.2.6' ],
36 silly audit   bser: [ '2.1.1' ],
36 silly audit   buffer: [ '6.0.3' ],
36 silly audit   'buffer-equal-constant-time': [ '1.0.1' ],
36 silly audit   'buffer-from': [ '1.1.2' ],
36 silly audit   bytes: [ '3.1.2' ],
36 silly audit   'call-bind': [ '1.0.8' ],
36 silly audit   'call-bind-apply-helpers': [ '1.0.2' ],
36 silly audit   'call-bound': [ '1.0.4' ],
36 silly audit   callsites: [ '3.1.0' ],
36 silly audit   camelcase: [ '5.3.1', '6.3.0' ],
36 silly audit   'caniuse-lite': [ '1.0.30001776' ],
36 silly audit   chalk: [ '4.1.2' ],
36 silly audit   'char-regex': [ '1.0.2' ],
36 silly audit   'ci-info': [ '3.9.0' ],
36 silly audit   'cjs-module-lexer': [ '1.4.3' ],
36 silly audit   cliui: [ '8.0.1' ],
36 silly audit   co: [ '4.6.0' ],
36 silly audit   'collect-v8-coverage': [ '1.0.3' ],
36 silly audit   color: [ '5.0.3' ],
36 silly audit   'color-convert': [ '2.0.1', '3.1.3' ],
36 silly audit   'color-name': [ '1.1.4', '2.1.0' ],
36 silly audit   'color-string': [ '2.1.4' ],
36 silly audit   'combined-stream': [ '1.0.8' ],
36 silly audit   commander: [ '11.1.0' ],
36 silly audit   'concat-map': [ '0.0.1' ],
36 silly audit   'content-disposition': [ '0.5.4' ],
36 silly audit   'content-type': [ '1.0.5' ],
36 silly audit   'convert-source-map': [ '2.0.0' ],
36 silly audit   cookie: [ '0.7.2' ],
36 silly audit   'cookie-signature': [ '1.0.7' ],
36 silly audit   cors: [ '2.8.6' ],
36 silly audit   'create-jest': [ '29.7.0' ],
36 silly audit   'create-require': [ '1.1.1' ],
36 silly audit   'cross-spawn': [ '7.0.6' ],
36 silly audit   'data-view-buffer': [ '1.0.2' ],
36 silly audit   'data-view-byte-length': [ '1.0.2' ],
36 silly audit   'data-view-byte-offset': [ '1.0.1' ],
36 silly audit   dedent: [ '1.7.2' ],
36 silly audit   'deep-is': [ '0.1.4' ],
36 silly audit   deepmerge: [ '4.3.1' ],
36 silly audit   'define-data-property': [ '1.1.4' ],
36 silly audit   'define-lazy-prop': [ '2.0.0' ],
36 silly audit   'define-properties': [ '1.2.1' ],
36 silly audit   'delayed-stream': [ '1.0.0' ],
36 silly audit   depd: [ '2.0.0' ],
36 silly audit   destroy: [ '1.2.0' ],
36 silly audit   'detect-newline': [ '3.1.0' ],
36 silly audit   diff: [ '4.0.4' ],
36 silly audit   'diff-sequences': [ '29.6.3' ],
36 silly audit   'dir-glob': [ '3.0.1' ],
36 silly audit   doctrine: [ '3.0.0' ],
36 silly audit   dotenv: [ '16.6.1' ],
36 silly audit   'dunder-proto': [ '1.0.1' ],
36 silly audit   'ecdsa-sig-formatter': [ '1.0.11' ],
36 silly audit   'ee-first': [ '1.1.1' ],
36 silly audit   'electron-to-chromium': [ '1.5.307' ],
36 silly audit   emittery: [ '0.13.1' ],
36 silly audit   'emoji-regex': [ '8.0.0' ],
36 silly audit   enabled: [ '2.0.0' ],
36 silly audit   encodeurl: [ '2.0.0' ],
36 silly audit   'error-ex': [ '1.3.4' ],
36 silly audit   'es-abstract': [ '1.24.1' ],
36 silly audit   'es-aggregate-error': [ '1.0.14' ],
36 silly audit   'es-define-property': [ '1.0.1' ],
36 silly audit   'es-errors': [ '1.3.0' ],
36 silly audit   'es-object-atoms': [ '1.1.1' ],
36 silly audit   'es-set-tostringtag': [ '2.1.0' ],
36 silly audit   'es-to-primitive': [ '1.3.0' ],
36 silly audit   escalade: [ '3.2.0' ],
36 silly audit   'escape-html': [ '1.0.3' ],
36 silly audit   'escape-string-regexp': [ '4.0.0', '2.0.0' ],
36 silly audit   eslint: [ '8.57.1' ],
36 silly audit   'eslint-scope': [ '7.2.2' ],
36 silly audit   'eslint-visitor-keys': [ '3.4.3' ],
36 silly audit   espree: [ '9.6.1' ],
36 silly audit   esprima: [ '4.0.1' ],
36 silly audit   esquery: [ '1.7.0' ],
36 silly audit   esrecurse: [ '4.3.0' ],
36 silly audit   estraverse: [ '5.3.0' ],
36 silly audit   esutils: [ '2.0.3' ],
36 silly audit   etag: [ '1.8.1' ],
36 silly audit   events: [ '3.3.0' ],
36 silly audit   execa: [ '5.1.1' ],
36 silly audit   exit: [ '0.1.2' ],
36 silly audit   expect: [ '29.7.0' ],
36 silly audit   express: [ '4.22.1' ],
36 silly audit   'express-rate-limit': [ '7.5.1' ],
36 silly audit   'fast-deep-equal': [ '3.1.3' ],
36 silly audit   'fast-glob': [ '3.3.3' ],
36 silly audit   'glob-parent': [ '5.1.2', '6.0.2' ],
36 silly audit   'fast-json-stable-stringify': [ '2.1.0' ],
36 silly audit   'fast-levenshtein': [ '2.0.6' ],
36 silly audit   fastq: [ '1.20.1' ],
36 silly audit   'fb-watchman': [ '2.0.2' ],
36 silly audit   fecha: [ '4.2.3' ],
36 silly audit   'file-entry-cache': [ '6.0.1' ],
36 silly audit   'fill-range': [ '7.1.1' ],
36 silly audit   finalhandler: [ '1.3.2' ],
36 silly audit   'flat-cache': [ '3.2.0' ],
36 silly audit   flatted: [ '3.3.4' ],
36 silly audit   'fn.name': [ '1.1.0' ],
36 silly audit   'follow-redirects': [ '1.15.11' ],
36 silly audit   'for-each': [ '0.3.5' ],
36 silly audit   'form-data': [ '4.0.5' ],
36 silly audit   forwarded: [ '0.2.0' ],
36 silly audit   fresh: [ '0.5.2' ],
36 silly audit   'fs.realpath': [ '1.0.0' ],
36 silly audit   fsevents: [ '2.3.3' ],
36 silly audit   'function-bind': [ '1.1.2' ],
36 silly audit   'function.prototype.name': [ '1.1.8' ],
36 silly audit   'functions-have-names': [ '1.2.3' ],
36 silly audit   'generator-function': [ '2.0.1' ],
36 silly audit   gensync: [ '1.0.0-beta.2' ],
36 silly audit   'get-caller-file': [ '2.0.5' ],
36 silly audit   'get-intrinsic': [ '1.3.0' ],
36 silly audit   'get-package-type': [ '0.1.0' ],
36 silly audit   'get-proto': [ '1.0.1' ],
36 silly audit   'get-stream': [ '6.0.1' ],
36 silly audit   'get-symbol-description': [ '1.1.0' ],
36 silly audit   glob: [ '7.2.3' ],
36 silly audit   globals: [ '13.24.0' ],
36 silly audit   globalthis: [ '1.0.4' ],
36 silly audit   globby: [ '11.1.0' ],
36 silly audit   gopd: [ '1.2.0' ],
36 silly audit   'graceful-fs': [ '4.2.11' ],
36 silly audit   graphemer: [ '1.4.0' ],
36 silly audit   handlebars: [ '4.7.8' ],
36 silly audit   'has-bigints': [ '1.1.0' ],
36 silly audit   'has-flag': [ '4.0.0' ],
36 silly audit   'has-property-descriptors': [ '1.0.2' ],
36 silly audit   'has-proto': [ '1.2.0' ],
36 silly audit   'has-symbols': [ '1.1.0' ],
36 silly audit   'has-tostringtag': [ '1.0.2' ],
36 silly audit   hasown: [ '2.0.2' ],
36 silly audit   helmet: [ '7.2.0' ],
36 silly audit   'html-escaper': [ '2.0.2' ],
36 silly audit   'http-errors': [ '2.0.1' ],
36 silly audit   'http-proxy-agent': [ '7.0.2' ],
36 silly audit   'https-proxy-agent': [ '7.0.6' ],
36 silly audit   'human-signals': [ '2.1.0' ],
36 silly audit   'iconv-lite': [ '0.4.24', '0.6.3' ],
36 silly audit   ieee754: [ '1.2.1' ],
36 silly audit   ignore: [ '5.3.2' ],
36 silly audit   'import-fresh': [ '3.3.1' ],
36 silly audit   'import-local': [ '3.2.0' ],
36 silly audit   imurmurhash: [ '0.1.4' ],
36 silly audit   inflight: [ '1.0.6' ],
36 silly audit   inherits: [ '2.0.4' ],
36 silly audit   'internal-slot': [ '1.1.0' ],
36 silly audit   'ipaddr.js': [ '1.9.1' ],
36 silly audit   'is-array-buffer': [ '3.0.5' ],
36 silly audit   'is-arrayish': [ '0.2.1' ],
36 silly audit   'is-async-function': [ '2.1.1' ],
36 silly audit   'is-bigint': [ '1.1.0' ],
36 silly audit   'is-boolean-object': [ '1.2.2' ],
36 silly audit   'is-callable': [ '1.2.7' ],
36 silly audit   'is-core-module': [ '2.16.1' ],
36 silly audit   'is-data-view': [ '1.0.2' ],
36 silly audit   'is-date-object': [ '1.1.0' ],
36 silly audit   'is-docker': [ '2.2.1' ],
36 silly audit   'is-extglob': [ '2.1.1' ],
36 silly audit   'is-finalizationregistry': [ '1.1.1' ],
36 silly audit   'is-fullwidth-code-point': [ '3.0.0' ],
36 silly audit   'is-generator-fn': [ '2.1.0' ],
36 silly audit   'is-generator-function': [ '1.1.2' ],
36 silly audit   'is-glob': [ '4.0.3' ],
36 silly audit   'is-map': [ '2.0.3' ],
36 silly audit   'is-negative-zero': [ '2.0.3' ],
36 silly audit   'is-number': [ '7.0.0' ],
36 silly audit   'is-number-object': [ '1.1.1' ],
36 silly audit   'is-path-inside': [ '3.0.3' ],
36 silly audit   'is-regex': [ '1.2.1' ],
36 silly audit   'is-set': [ '2.0.3' ],
36 silly audit   'is-shared-array-buffer': [ '1.0.4' ],
36 silly audit   'is-stream': [ '2.0.1' ],
36 silly audit   'is-string': [ '1.1.1' ],
36 silly audit   'is-symbol': [ '1.1.1' ],
36 silly audit   'is-typed-array': [ '1.1.15' ],
36 silly audit   'is-weakmap': [ '2.0.2' ],
36 silly audit   'is-weakref': [ '1.1.1' ],
36 silly audit   'is-weakset': [ '2.0.4' ],
36 silly audit   'is-wsl': [ '2.2.0' ],
36 silly audit   isarray: [ '2.0.5' ],
36 silly audit   isexe: [ '2.0.0' ],
36 silly audit   'istanbul-lib-coverage': [ '3.2.2' ],
36 silly audit   'istanbul-lib-report': [ '3.0.1' ],
36 silly audit   'istanbul-lib-source-maps': [ '4.0.1' ],
36 silly audit   'istanbul-reports': [ '3.2.0' ],
36 silly audit   jest: [ '29.7.0' ],
36 silly audit   'jest-changed-files': [ '29.7.0' ],
36 silly audit   'jest-circus': [ '29.7.0' ],
36 silly audit   'jest-cli': [ '29.7.0' ],
36 silly audit   'jest-config': [ '29.7.0' ],
36 silly audit   'jest-diff': [ '29.7.0' ],
36 silly audit   'jest-docblock': [ '29.7.0' ],
36 silly audit   'jest-each': [ '29.7.0' ],
36 silly audit   'jest-environment-node': [ '29.7.0' ],
36 silly audit   'jest-get-type': [ '29.6.3' ],
36 silly audit   'jest-haste-map': [ '29.7.0' ],
36 silly audit   'jest-leak-detector': [ '29.7.0' ],
36 silly audit   'jest-matcher-utils': [ '29.7.0' ],
36 silly audit   'jest-message-util': [ '29.7.0' ],
36 silly audit   'jest-mock': [ '29.7.0' ],
36 silly audit   'jest-pnp-resolver': [ '1.2.3' ],
36 silly audit   'jest-regex-util': [ '29.6.3' ],
36 silly audit   'jest-resolve': [ '29.7.0' ],
36 silly audit   'jest-resolve-dependencies': [ '29.7.0' ],
36 silly audit   'jest-runner': [ '29.7.0' ],
36 silly audit   'jest-runtime': [ '29.7.0' ],
36 silly audit   'jest-snapshot': [ '29.7.0' ],
36 silly audit   'jest-util': [ '29.7.0' ],
36 silly audit   'jest-validate': [ '29.7.0' ],
36 silly audit   'jest-watcher': [ '29.7.0' ],
36 silly audit   'jest-worker': [ '29.7.0' ],
36 silly audit   'supports-color': [ '8.1.1', '7.2.0' ],
36 silly audit   joi: [ '17.13.3' ],
36 silly audit   'js-md4': [ '0.3.2' ],
36 silly audit   'js-tokens': [ '4.0.0' ],
36 silly audit   jsbi: [ '4.3.2' ],
36 silly audit   jsesc: [ '3.1.0' ],
36 silly audit   'json-buffer': [ '3.0.1' ],
36 silly audit   'json-parse-even-better-errors': [ '2.3.1' ],
36 silly audit   'json-schema-traverse': [ '0.4.1' ],
36 silly audit   'json-stable-stringify-without-jsonify': [ '1.0.1' ],
36 silly audit   json5: [ '2.2.3' ],
36 silly audit   jsonwebtoken: [ '9.0.3' ],
36 silly audit   jwa: [ '2.0.1' ],
36 silly audit   jws: [ '4.0.1' ],
36 silly audit   keyv: [ '4.5.4' ],
36 silly audit   kleur: [ '3.0.3' ],
36 silly audit   kuler: [ '2.0.0' ],
36 silly audit   leven: [ '3.1.0' ],
36 silly audit   levn: [ '0.4.1' ],
36 silly audit   'lines-and-columns': [ '1.2.4' ],
36 silly audit   'lodash.includes': [ '4.3.0' ],
36 silly audit   'lodash.isboolean': [ '3.0.3' ],
36 silly audit   'lodash.isinteger': [ '4.0.4' ],
36 silly audit   'lodash.isnumber': [ '3.0.3' ],
36 silly audit   'lodash.isplainobject': [ '4.0.6' ],
36 silly audit   'lodash.isstring': [ '4.0.1' ],
36 silly audit   'lodash.memoize': [ '4.1.2' ],
36 silly audit   'lodash.merge': [ '4.6.2' ],
36 silly audit   'lodash.once': [ '4.1.1' ],
36 silly audit   logform: [ '2.7.0' ],
36 silly audit   'lru-cache': [ '5.1.1' ],
36 silly audit   'make-dir': [ '4.0.0' ],
36 silly audit   'make-error': [ '1.3.6' ],
36 silly audit   makeerror: [ '1.0.12' ],
36 silly audit   'math-intrinsics': [ '1.1.0' ],
36 silly audit   'media-typer': [ '0.3.0' ],
36 silly audit   'merge-descriptors': [ '1.0.3' ],
36 silly audit   'merge-stream': [ '2.0.0' ],
36 silly audit   merge2: [ '1.4.1' ],
36 silly audit   methods: [ '1.1.2' ],
36 silly audit   micromatch: [ '4.0.8' ],
36 silly audit   mime: [ '1.6.0' ],
36 silly audit   'mime-db': [ '1.52.0' ],
36 silly audit   'mime-types': [ '2.1.35' ],
36 silly audit   'mimic-fn': [ '2.1.0' ],
36 silly audit   minimist: [ '1.2.8' ],
36 silly audit   mssql: [ '9.3.2' ],
36 silly audit   'native-duplexpair': [ '1.0.0' ],
36 silly audit   'natural-compare': [ '1.4.0' ],
36 silly audit   negotiator: [ '0.6.3' ],
36 silly audit   'neo-async': [ '2.6.2' ],
36 silly audit   'node-abort-controller': [ '3.1.1' ],
36 silly audit   'node-int64': [ '0.4.0' ],
36 silly audit   'node-releases': [ '2.0.36' ],
36 silly audit   'normalize-path': [ '3.0.0' ],
36 silly audit   'npm-run-path': [ '4.0.1' ],
36 silly audit   'object-assign': [ '4.1.1' ],
36 silly audit   'object-inspect': [ '1.13.4' ],
36 silly audit   'object-keys': [ '1.1.1' ],
36 silly audit   'object.assign': [ '4.1.7' ],
36 silly audit   'on-finished': [ '2.4.1' ],
36 silly audit   once: [ '1.4.0' ],
36 silly audit   'one-time': [ '1.0.0' ],
36 silly audit   onetime: [ '5.1.2' ],
36 silly audit   open: [ '8.4.2' ],
36 silly audit   optionator: [ '0.9.4' ],
36 silly audit   'own-keys': [ '1.0.1' ],
36 silly audit   'p-try': [ '2.2.0' ],
36 silly audit   'parent-module': [ '1.0.1' ],
36 silly audit   'parse-json': [ '5.2.0' ],
36 silly audit   parseurl: [ '1.3.3' ],
36 silly audit   'path-exists': [ '4.0.0' ],
36 silly audit   'path-is-absolute': [ '1.0.1' ],
36 silly audit   'path-key': [ '3.1.1' ],
36 silly audit   'path-parse': [ '1.0.7' ],
36 silly audit   'path-to-regexp': [ '0.1.12' ],
36 silly audit   'path-type': [ '4.0.0' ],
36 silly audit   picocolors: [ '1.1.1' ],
36 silly audit   picomatch: [ '2.3.1' ],
36 silly audit   pirates: [ '4.0.7' ],
36 silly audit   'pkg-dir': [ '4.2.0' ],
36 silly audit   'possible-typed-array-names': [ '1.1.0' ],
36 silly audit   'prelude-ls': [ '1.2.1' ],
36 silly audit   'pretty-format': [ '29.7.0' ],
36 silly audit   prompts: [ '2.4.2' ],
36 silly audit   'proxy-addr': [ '2.0.7' ],
36 silly audit   'proxy-from-env': [ '1.1.0' ],
36 silly audit   punycode: [ '2.3.1' ],
36 silly audit   'pure-rand': [ '6.1.0' ],
36 silly audit   qs: [ '6.14.2' ],
36 silly audit   'queue-microtask': [ '1.2.3' ],
36 silly audit   'range-parser': [ '1.2.1' ],
36 silly audit   'raw-body': [ '2.5.3' ],
36 silly audit   'react-is': [ '18.3.1' ],
36 silly audit   'readable-stream': [ '3.6.2' ],
36 silly audit   'reflect.getprototypeof': [ '1.0.10' ],
36 silly audit   'regexp.prototype.flags': [ '1.5.4' ],
36 silly audit   'require-directory': [ '2.1.1' ],
36 silly audit   resolve: [ '1.22.11' ],
36 silly audit   'resolve-cwd': [ '3.0.0' ],
36 silly audit   'resolve.exports': [ '2.0.3' ],
36 silly audit   reusify: [ '1.1.0' ],
36 silly audit   rfdc: [ '1.4.1' ],
36 silly audit   rimraf: [ '3.0.2' ],
36 silly audit   'run-parallel': [ '1.2.0' ],
36 silly audit   'safe-array-concat': [ '1.1.3' ],
36 silly audit   'safe-buffer': [ '5.2.1' ],
36 silly audit   'safe-push-apply': [ '1.0.0' ],
36 silly audit   'safe-regex-test': [ '1.1.0' ],
36 silly audit   'safe-stable-stringify': [ '2.5.0' ],
36 silly audit   'safer-buffer': [ '2.1.2' ],
36 silly audit   send: [ '0.19.2' ],
36 silly audit   'serve-static': [ '1.16.3' ],
36 silly audit   'set-function-length': [ '1.2.2' ],
36 silly audit   'set-function-name': [ '2.0.2' ],
36 silly audit   'set-proto': [ '1.0.0' ],
36 silly audit   setprototypeof: [ '1.2.0' ],
36 silly audit   'shebang-command': [ '2.0.0' ],
36 silly audit   'shebang-regex': [ '3.0.0' ],
36 silly audit   'side-channel': [ '1.1.0' ],
36 silly audit   'side-channel-list': [ '1.0.0' ],
36 silly audit   'side-channel-map': [ '1.0.1' ],
36 silly audit   'side-channel-weakmap': [ '1.0.2' ],
36 silly audit   'signal-exit': [ '3.0.7' ],
36 silly audit   sisteransi: [ '1.0.5' ],
36 silly audit   slash: [ '3.0.0' ],
36 silly audit   'source-map': [ '0.6.1' ],
36 silly audit   'source-map-support': [ '0.5.13' ],
36 silly audit   'sprintf-js': [ '1.0.3', '1.1.3' ],
36 silly audit   'stack-trace': [ '0.0.10' ],
36 silly audit   'stack-utils': [ '2.0.6' ],
36 silly audit   statuses: [ '2.0.2' ],
36 silly audit   'stop-iteration-iterator': [ '1.1.0' ],
36 silly audit   stoppable: [ '1.1.0' ],
36 silly audit   string_decoder: [ '1.3.0' ],
36 silly audit   'string-length': [ '4.0.2' ],
36 silly audit   'string-width': [ '4.2.3' ],
36 silly audit   'string.prototype.trim': [ '1.2.10' ],
36 silly audit   'string.prototype.trimend': [ '1.0.9' ],
36 silly audit   'string.prototype.trimstart': [ '1.0.8' ],
36 silly audit   'strip-ansi': [ '6.0.1' ],
36 silly audit   'strip-bom': [ '4.0.0' ],
36 silly audit   'strip-final-newline': [ '2.0.0' ],
36 silly audit   'strip-json-comments': [ '3.1.1' ],
36 silly audit   'supports-preserve-symlinks-flag': [ '1.0.0' ],
36 silly audit   tarn: [ '3.0.2' ],
36 silly audit   tedious: [ '15.1.3' ],
36 silly audit   'test-exclude': [ '6.0.0' ],
36 silly audit   'text-hex': [ '1.0.0' ],
36 silly audit   'text-table': [ '0.2.0' ],
36 silly audit   tmpl: [ '1.0.5' ],
36 silly audit   'to-regex-range': [ '5.0.1' ],
36 silly audit   toidentifier: [ '1.0.1' ],
36 silly audit   'triple-beam': [ '1.4.1' ],
36 silly audit   'ts-api-utils': [ '1.4.3' ],
36 silly audit   'ts-jest': [ '29.4.6' ],
36 silly audit   'ts-node': [ '10.9.2' ],
36 silly audit   tslib: [ '2.8.1' ],
36 silly audit   'type-check': [ '0.4.0' ],
36 silly audit   'type-detect': [ '4.0.8' ],
36 silly audit   'type-is': [ '1.6.18' ],
36 silly audit   'typed-array-buffer': [ '1.0.3' ],
36 silly audit   'typed-array-byte-length': [ '1.0.3' ],
36 silly audit   'typed-array-byte-offset': [ '1.0.4' ],
36 silly audit   'typed-array-length': [ '1.0.7' ],
36 silly audit   typescript: [ '5.9.3' ],
36 silly audit   'uglify-js': [ '3.19.3' ],
36 silly audit   'unbox-primitive': [ '1.1.0' ],
36 silly audit   'undici-types': [ '6.21.0' ],
36 silly audit   unpipe: [ '1.0.0' ],
36 silly audit   'update-browserslist-db': [ '1.2.3' ],
36 silly audit   'uri-js': [ '4.4.1' ],
36 silly audit   'util-deprecate': [ '1.0.2' ],
36 silly audit   'utils-merge': [ '1.0.1' ],
36 silly audit   'v8-compile-cache-lib': [ '3.0.1' ],
36 silly audit   'v8-to-istanbul': [ '9.3.0' ],
36 silly audit   vary: [ '1.1.2' ],
36 silly audit   walker: [ '1.0.8' ],
36 silly audit   which: [ '2.0.2' ],
36 silly audit   'which-boxed-primitive': [ '1.1.1' ],
36 silly audit   'which-builtin-type': [ '1.2.1' ],
36 silly audit   'which-collection': [ '1.0.2' ],
36 silly audit   'which-typed-array': [ '1.1.20' ],
36 silly audit   winston: [ '3.19.0' ],
36 silly audit   'winston-transport': [ '4.9.0' ],
36 silly audit   'word-wrap': [ '1.2.5' ],
36 silly audit   wordwrap: [ '1.0.0' ],
36 silly audit   'wrap-ansi': [ '7.0.0' ],
36 silly audit   wrappy: [ '1.0.2' ],
36 silly audit   'write-file-atomic': [ '4.0.2' ],
36 silly audit   y18n: [ '5.0.8' ],
36 silly audit   yallist: [ '3.1.1' ],
36 silly audit   yargs: [ '17.7.2' ],
36 silly audit   'yargs-parser': [ '21.1.1' ],
36 silly audit   yn: [ '3.1.1' ],
36 silly audit   'yocto-queue': [ '0.1.0' ],
36 silly audit   '@azure/msal-node': [ '5.1.1', '1.18.4' ]
36 silly audit }
37 http cache @azure/msal-common@https://registry.npmjs.org/@azure/msal-common/-/msal-common-16.4.0.tgz 0ms (cache hit)
38 http cache @azure/msal-node@https://registry.npmjs.org/@azure/msal-node/-/msal-node-5.1.1.tgz 0ms (cache hit)
39 http cache @azure/msal-common@https://registry.npmjs.org/@azure/msal-common/-/msal-common-13.3.1.tgz 0ms (cache hit)
40 http cache @azure/msal-node@https://registry.npmjs.org/@azure/msal-node/-/msal-node-1.18.4.tgz 0ms (cache hit)
41 silly tarball no local data for @azure/msal-common@https://registry.npmjs.org/@azure/msal-common/-/msal-common-16.4.0.tgz. Extracting by manifest.
42 silly tarball no local data for @azure/msal-node@https://registry.npmjs.org/@azure/msal-node/-/msal-node-5.1.1.tgz. Extracting by manifest.
43 warn deprecated @azure/msal-node@1.18.4: A newer major version of this library is available. Please upgrade to the latest available version.
44 http fetch POST 200 https://registry.npmjs.org/-/npm/v1/security/advisories/bulk 452ms
45 silly audit report {
45 silly audit report   '@azure/identity': [
45 silly audit report     {
45 silly audit report       id: 1106621,
45 silly audit report       url: 'https://github.com/advisories/GHSA-m5vv-6r4h-3vj9',
45 silly audit report       title: 'Azure Identity Libraries and Microsoft Authentication Library Elevation of Privilege Vulnerability',
45 silly audit report       severity: 'moderate',
45 silly audit report       vulnerable_versions: '<4.2.1',
45 silly audit report       cwe: [Array],
45 silly audit report       cvss: [Object]
45 silly audit report     }
45 silly audit report   ],
45 silly audit report   minimatch: [
45 silly audit report     {
45 silly audit report       id: 1113465,
45 silly audit report       url: 'https://github.com/advisories/GHSA-3ppc-4f35-3m26',
45 silly audit report       title: 'minimatch has a ReDoS via repeated wildcards with non-matching literal in pattern',
45 silly audit report       severity: 'high',
45 silly audit report       vulnerable_versions: '>=9.0.0 <9.0.6',
45 silly audit report       cwe: [Array],
45 silly audit report       cvss: [Object]
45 silly audit report     },
45 silly audit report     {
45 silly audit report       id: 1113544,
45 silly audit report       url: 'https://github.com/advisories/GHSA-7r86-cg39-jmmj',
45 silly audit report       title: 'minimatch has ReDoS: matchOne() combinatorial backtracking via multiple non-adjacent GLOBSTAR segments',
45 silly audit report       severity: 'high',
45 silly audit report       vulnerable_versions: '>=9.0.0 <9.0.7',
45 silly audit report       cwe: [Array],
45 silly audit report       cvss: [Object]
45 silly audit report     },
45 silly audit report     {
45 silly audit report       id: 1113552,
45 silly audit report       url: 'https://github.com/advisories/GHSA-23c5-xmqv-rm74',
45 silly audit report       title: 'minimatch ReDoS: nested *() extglobs generate catastrophically backtracking regular expressions',
45 silly audit report       severity: 'high',
45 silly audit report       vulnerable_versions: '>=9.0.0 <9.0.7',
45 silly audit report       cwe: [Array],
45 silly audit report       cvss: [Object]
45 silly audit report     }
45 silly audit report   ],
45 silly audit report   flatted: [
45 silly audit report     {
45 silly audit report       id: 1114526,
45 silly audit report       url: 'https://github.com/advisories/GHSA-25h7-pfq9-p65f',
45 silly audit report       title: 'flatted vulnerable to unbounded recursion DoS in parse() revive phase',
45 silly audit report       severity: 'high',
45 silly audit report       vulnerable_versions: '<3.4.0',
45 silly audit report       cwe: [Array],
45 silly audit report       cvss: [Object]
45 silly audit report     },
45 silly audit report     {
45 silly audit report       id: 1115357,
45 silly audit report       url: 'https://github.com/advisories/GHSA-rf6f-7fwh-wjgh',
45 silly audit report       title: 'Prototype Pollution via parse() in NodeJS flatted',
45 silly audit report       severity: 'high',
45 silly audit report       vulnerable_versions: '<=3.4.1',
45 silly audit report       cwe: [Array],
45 silly audit report       cvss: [Object]
45 silly audit report     }
45 silly audit report   ],
45 silly audit report   picomatch: [
45 silly audit report     {
45 silly audit report       id: 1115394,
45 silly audit report       url: 'https://github.com/advisories/GHSA-3v7f-55p6-f55p',
45 silly audit report       title: 'Picomatch: Method Injection in POSIX Character Classes causes incorrect Glob Matching',
45 silly audit report       severity: 'moderate',
45 silly audit report       vulnerable_versions: '<2.3.2',
45 silly audit report       cwe: [Array],
45 silly audit report       cvss: [Object]
45 silly audit report     },
45 silly audit report     {
45 silly audit report       id: 1115382,
45 silly audit report       url: 'https://github.com/advisories/GHSA-c2c7-rcm5-vvqj',
45 silly audit report       title: 'Picomatch has a ReDoS vulnerability via extglob quantifiers',
45 silly audit report       severity: 'high',
45 silly audit report       vulnerable_versions: '<2.3.2',
45 silly audit report       cwe: [Array],
45 silly audit report       cvss: [Object]
45 silly audit report     }
45 silly audit report   ]
45 silly audit report }
46 silly packumentCache corgi:https://registry.npmjs.org/@azure%2fidentity cache-miss
47 silly packumentCache corgi:https://registry.npmjs.org/minimatch cache-miss
48 silly packumentCache corgi:https://registry.npmjs.org/flatted cache-miss
49 silly packumentCache corgi:https://registry.npmjs.org/picomatch cache-miss
50 http cache https://registry.npmjs.org/picomatch 50ms (cache hit)
51 silly packumentCache corgi:https://registry.npmjs.org/picomatch set size:44414 disposed:false
52 http cache https://registry.npmjs.org/minimatch 54ms (cache hit)
53 silly packumentCache corgi:https://registry.npmjs.org/minimatch set size:167610 disposed:false
54 http cache https://registry.npmjs.org/flatted 58ms (cache hit)
55 silly packumentCache corgi:https://registry.npmjs.org/flatted set size:57858 disposed:false
56 http cache https://registry.npmjs.org/@azure%2fidentity 65ms (cache hit)
57 silly packumentCache corgi:https://registry.npmjs.org/@azure%2fidentity set size:1851383 disposed:false
58 silly packumentCache corgi:https://registry.npmjs.org/tedious cache-miss
59 http cache https://registry.npmjs.org/tedious 6ms (cache hit)
60 silly packumentCache corgi:https://registry.npmjs.org/tedious set size:400721 disposed:false
61 silly packumentCache corgi:https://registry.npmjs.org/@typescript-eslint%2ftypescript-estree cache-miss
62 http cache https://registry.npmjs.org/@typescript-eslint%2ftypescript-estree 20ms (cache hit)
63 silly packumentCache corgi:https://registry.npmjs.org/@typescript-eslint%2ftypescript-estree set size:8550963 disposed:false
64 silly packumentCache corgi:https://registry.npmjs.org/flat-cache cache-miss
65 http cache https://registry.npmjs.org/flat-cache 17ms (cache hit)
66 silly packumentCache corgi:https://registry.npmjs.org/flat-cache set size:49632 disposed:false
67 silly packumentCache corgi:https://registry.npmjs.org/anymatch cache-miss
68 silly packumentCache corgi:https://registry.npmjs.org/jest-util cache-miss
69 silly packumentCache corgi:https://registry.npmjs.org/micromatch cache-miss
70 http cache https://registry.npmjs.org/micromatch 13ms (cache hit)
71 silly packumentCache corgi:https://registry.npmjs.org/micromatch set size:71776 disposed:false
72 http cache https://registry.npmjs.org/jest-util 15ms (cache hit)
73 silly packumentCache corgi:https://registry.npmjs.org/jest-util set size:314171 disposed:false
74 http cache https://registry.npmjs.org/anymatch 20ms (cache hit)
75 silly packumentCache corgi:https://registry.npmjs.org/anymatch set size:18345 disposed:false
76 silly packumentCache corgi:https://registry.npmjs.org/mssql cache-miss
77 http cache https://registry.npmjs.org/mssql 7ms (cache hit)
78 silly packumentCache corgi:https://registry.npmjs.org/mssql set size:209769 disposed:false
79 silly packumentCache corgi:https://registry.npmjs.org/@typescript-eslint%2fparser cache-miss
80 silly packumentCache corgi:https://registry.npmjs.org/@typescript-eslint%2ftype-utils cache-miss
81 silly packumentCache corgi:https://registry.npmjs.org/@typescript-eslint%2futils cache-miss
82 http cache https://registry.npmjs.org/@typescript-eslint%2ftype-utils 19ms (cache hit)
83 silly packumentCache corgi:https://registry.npmjs.org/@typescript-eslint%2ftype-utils set size:4562550 disposed:false
84 http cache https://registry.npmjs.org/@typescript-eslint%2futils 71ms (cache hit)
85 silly packumentCache corgi:https://registry.npmjs.org/@typescript-eslint%2futils set size:4569182 disposed:false
86 http cache https://registry.npmjs.org/@typescript-eslint%2fparser 135ms (cache hit)
87 silly packumentCache corgi:https://registry.npmjs.org/@typescript-eslint%2fparser set size:7945640 disposed:false
88 silly packumentCache corgi:https://registry.npmjs.org/@typescript-eslint%2feslint-plugin cache-miss
89 http cache https://registry.npmjs.org/@typescript-eslint%2feslint-plugin 29ms (cache hit)
90 silly packumentCache corgi:https://registry.npmjs.org/@typescript-eslint%2feslint-plugin set size:9427783 disposed:false
91 http fetch GET 200 https://registry.npmjs.org/@azure/msal-node/-/msal-node-5.1.1.tgz 2263ms (cache miss)
92 http fetch GET 200 https://registry.npmjs.org/@azure/msal-common/-/msal-common-16.4.0.tgz 3052ms (cache miss)
93 silly CHANGE node_modules/@azure/msal-node
94 silly CHANGE node_modules/@azure/msal-node/node_modules/@azure/msal-common
95 silly ADD node_modules/@azure/identity/node_modules/@azure/msal-node
96 silly ADD node_modules/@azure/identity/node_modules/@azure/msal-node/node_modules/@azure/msal-common
97 verbose cwd E:\SeptInnovation\backend
98 verbose os Windows_NT 10.0.26200
99 verbose node v22.17.0
100 verbose npm  v11.9.0
101 verbose exit 0
102 info ok
