{"action":"SERVER_START","details":{"environment":"development","port":"3001"},"id":"AUD_MNILPYWQLS15D4","level":"info","message":"[SERVER_START] SERVER","resource":"SERVER","service":"sept-innovation-backend","severity":"INFO","timestamp":"2026-04-03 13:17:58","userId":"SYSTEM"}
{"action":"SERVER_START","details":{"environment":"development","port":"3001"},"id":"AUD_MNILXANDNQAY87","level":"info","message":"[SERVER_START] SERVER","resource":"SERVER","service":"sept-innovation-backend","severity":"INFO","timestamp":"2026-04-03 13:23:40","userId":"SYSTEM"}
{"action":"SERVER_START","details":{"environment":"development","port":"3001"},"id":"AUD_MNIM2G11MMO4SZ","level":"info","message":"[SERVER_START] SERVER","resource":"SERVER","service":"sept-innovation-backend","severity":"INFO","timestamp":"2026-04-03 13:27:40","userId":"SYSTEM"}
{"action":"SERVER_START","details":{"environment":"development","port":"3001"},"id":"AUD_MNIM3FHAOH1PPC","level":"info","message":"[SERVER_START] SERVER","resource":"SERVER","service":"sept-innovation-backend","severity":"INFO","timestamp":"2026-04-03 13:28:26","userId":"SYSTEM"}
{"action":"SERVER_START","details":{"environment":"development","port":"3001"},"id":"AUD_MNIM8F2AFOBRLX","level":"info","message":"[SERVER_START] SERVER","resource":"SERVER","service":"sept-innovation-backend","severity":"INFO","timestamp":"2026-04-03 13:32:19","userId":"SYSTEM"}
{"action":"SERVER_START","details":{"environment":"development","port":"3001"},"id":"AUD_MNIMY7WSEGIF29","level":"info","message":"[SERVER_START] SERVER","resource":"SERVER","service":"sept-innovation-backend","severity":"INFO","timestamp":"2026-04-03 13:52:23","userId":"SYSTEM"}
{"action":"SERVER_START","details":{"environment":"development","port":"3001"},"id":"AUD_MNIUY2T7QC2WKI","level":"info","message":"[SERVER_START] SERVER","resource":"SERVER","service":"sept-innovation-backend","severity":"INFO","timestamp":"2026-04-03 17:36:13","userId":"SYSTEM"}
{"action":"SERVER_START","details":{"environment":"development","port":"3001"},"id":"AUD_MNIX9HNRRQX2KL","level":"info","message":"[SERVER_START] SERVER","resource":"SERVER","service":"sept-innovation-backend","severity":"INFO","timestamp":"2026-04-03 18:41:05","userId":"SYSTEM"}
{"action":"SERVER_START","details":{"environment":"development","port":"3001"},"id":"AUD_MNIXQCQMQODW3Y","level":"info","message":"[SERVER_START] SERVER","resource":"SERVER","service":"sept-innovation-backend","severity":"INFO","timestamp":"2026-04-03 18:54:11","userId":"SYSTEM"}
{"action":"SERVER_START","details":{"environment":"development","port":"3001"},"id":"AUD_MNIYKE0MN0B7BN","level":"info","message":"[SERVER_START] SERVER","resource":"SERVER","service":"sept-innovation-backend","severity":"INFO","timestamp":"2026-04-03 19:17:33","userId":"SYSTEM"}
{"action":"SERVER_START","details":{"environment":"development","port":"3001"},"id":"AUD_MNIYZ776GRNHPC","level":"info","message":"[SERVER_START] SERVER","resource":"SERVER","service":"sept-innovation-backend","severity":"INFO","timestamp":"2026-04-03 19:29:04","userId":"SYSTEM"}
{"action":"SERVER_START","details":{"environment":"development","port":"3001"},"id":"AUD_MNIZ5LJ9BKE81J","level":"info","message":"[SERVER_START] SERVER","resource":"SERVER","service":"sept-innovation-backend","severity":"INFO","timestamp":"2026-04-03 19:34:02","userId":"SYSTEM"}
{"action":"SERVER_START","details":{"environment":"development","port":"3001"},"id":"AUD_MNIZHRVJEGQ1F5","level":"info","message":"[SERVER_START] SERVER","resource":"SERVER","service":"sept-innovation-backend","severity":"INFO","timestamp":"2026-04-03 19:43:30","userId":"SYSTEM"}
{"action":"SERVER_START","details":{"environment":"development","port":"3001"},"id":"AUD_MNIZMVFVVFE3NP","level":"info","message":"[SERVER_START] SERVER","resource":"SERVER","service":"sept-innovation-backend","severity":"INFO","timestamp":"2026-04-03 19:47:28","userId":"SYSTEM"}
{"action":"SERVER_START","details":{"environment":"development","port":"3001"},"id":"AUD_MNJYQU5NRIIDWR","level":"info","message":"[SERVER_START] SERVER","resource":"SERVER","service":"sept-innovation-backend","severity":"INFO","timestamp":"2026-04-04 12:10:20","userId":"SYSTEM"}
{"action":"SERVER_START","details":{"environment":"development","port":"3001"},"id":"AUD_MNJYXKERL2BMRG","level":"info","message":"[SERVER_START] SERVER","resource":"SERVER","service":"sept-innovation-backend","severity":"INFO","timestamp":"2026-04-04 12:15:34","userId":"SYSTEM"}
{"action":"SERVER_START","details":{"environment":"development","port":"3001"},"id":"AUD_MNJZ69LWAB33TP","level":"info","message":"[SERVER_START] SERVER","resource":"SERVER","service":"sept-innovation-backend","severity":"INFO","timestamp":"2026-04-04 12:22:20","userId":"SYSTEM"}
{"action":"SERVER_START","details":{"environment":"development","port":"3001"},"id":"AUD_MNJZ89YR8H35NS","level":"info","message":"[SERVER_START] SERVER","resource":"SERVER","service":"sept-innovation-backend","severity":"INFO","timestamp":"2026-04-04 12:23:53","userId":"SYSTEM"}
{"action":"SERVER_START","details":{"environment":"development","port":"3001"},"id":"AUD_MNJZN4GUSPN6V0","level":"info","message":"[SERVER_START] SERVER","resource":"SERVER","service":"sept-innovation-backend","severity":"INFO","timestamp":"2026-04-04 12:35:26","userId":"SYSTEM"}
{"action":"SERVER_START","details":{"environment":"development","port":"3001"},"id":"AUD_MNK0O7F0FK7G5B","level":"info","message":"[SERVER_START] SERVER","resource":"SERVER","service":"sept-innovation-backend","severity":"INFO","timestamp":"2026-04-04 13:04:16","userId":"SYSTEM"}
{"action":"SERVER_START","details":{"environment":"development","port":"3001"},"id":"AUD_MNK11NC0B0VG70","level":"info","message":"[SERVER_START] SERVER","resource":"SERVER","service":"sept-innovation-backend","severity":"INFO","timestamp":"2026-04-04 13:14:43","userId":"SYSTEM"}
{"action":"SERVER_START","details":{"environment":"development","port":"3001"},"id":"AUD_MNK1EIMU5F8WR2","level":"info","message":"[SERVER_START] SERVER","resource":"SERVER","service":"sept-innovation-backend","severity":"INFO","timestamp":"2026-04-04 13:24:44","userId":"SYSTEM"}
{"action":"SERVER_START","details":{"environment":"development","port":"3001"},"id":"AUD_MNK2L421800YVQ","level":"info","message":"[SERVER_START] SERVER","resource":"SERVER","service":"sept-innovation-backend","severity":"INFO","timestamp":"2026-04-04 13:57:51","userId":"SYSTEM"}
{"action":"SERVER_START","details":{"environment":"development","port":"3001"},"id":"AUD_MNK349GBOLZQRE","level":"info","message":"[SERVER_START] SERVER","resource":"SERVER","service":"sept-innovation-backend","severity":"INFO","timestamp":"2026-04-04 14:12:45","userId":"SYSTEM"}
{"action":"SERVER_START","details":{"environment":"development","port":"3001"},"id":"AUD_MNK3BG0RJ6Q7B3","level":"info","message":"[SERVER_START] SERVER","resource":"SERVER","service":"sept-innovation-backend","severity":"INFO","timestamp":"2026-04-04 14:18:20","userId":"SYSTEM"}
{"action":"SERVER_START","details":{"environment":"development","port":"3001"},"id":"AUD_MNK3E37ZBHAPDT","level":"info","message":"[SERVER_START] SERVER","resource":"SERVER","service":"sept-innovation-backend","severity":"INFO","timestamp":"2026-04-04 14:20:23","userId":"SYSTEM"}
{"action":"SERVER_START","details":{"environment":"development","port":"3001"},"id":"AUD_MNK3I0Q5IW62M7","level":"info","message":"[SERVER_START] SERVER","resource":"SERVER","service":"sept-innovation-backend","severity":"INFO","timestamp":"2026-04-04 14:23:26","userId":"SYSTEM"}
{"action":"SERVER_START","details":{"environment":"development","port":"3001"},"id":"AUD_MNK3NT300LS88F","level":"info","message":"[SERVER_START] SERVER","resource":"SERVER","service":"sept-innovation-backend","severity":"INFO","timestamp":"2026-04-04 14:27:56","userId":"SYSTEM"}
{"action":"SERVER_START","details":{"environment":"development","port":"3001"},"id":"AUD_MNK3UVGHX6OXOE","level":"info","message":"[SERVER_START] SERVER","resource":"SERVER","service":"sept-innovation-backend","severity":"INFO","timestamp":"2026-04-04 14:33:26","userId":"SYSTEM"}
{"action":"SERVER_START","details":{"environment":"development","port":"3001"},"id":"AUD_MNK3XFYWXAFE17","level":"info","message":"[SERVER_START] SERVER","resource":"SERVER","service":"sept-innovation-backend","severity":"INFO","timestamp":"2026-04-04 14:35:26","userId":"SYSTEM"}
{"action":"SERVER_START","details":{"environment":"development","port":"3001"},"id":"AUD_MNK3Y75LD3BSNQ","level":"info","message":"[SERVER_START] SERVER","resource":"SERVER","service":"sept-innovation-backend","severity":"INFO","timestamp":"2026-04-04 14:36:01","userId":"SYSTEM"}
{"action":"SERVER_START","details":{"environment":"development","port":"3001"},"id":"AUD_MNK49E2W68362P","level":"info","message":"[SERVER_START] SERVER","resource":"SERVER","service":"sept-innovation-backend","severity":"INFO","timestamp":"2026-04-04 14:44:43","userId":"SYSTEM"}
{"action":"SERVER_START","details":{"environment":"development","port":"3001"},"id":"AUD_MNK58EVV7RNNZH","level":"info","message":"[SERVER_START] SERVER","resource":"SERVER","service":"sept-innovation-backend","severity":"INFO","timestamp":"2026-04-04 15:11:57","userId":"SYSTEM"}
{"action":"SERVER_START","details":{"environment":"development","port":"3001"},"id":"AUD_MNK5GAF25YI28V","level":"info","message":"[SERVER_START] SERVER","resource":"SERVER","service":"sept-innovation-backend","severity":"INFO","timestamp":"2026-04-04 15:18:05","userId":"SYSTEM"}
{"action":"SERVER_START","details":{"environment":"development","port":"3001"},"id":"AUD_MNK5JH4A63XK28","level":"info","message":"[SERVER_START] SERVER","resource":"SERVER","service":"sept-innovation-backend","severity":"INFO","timestamp":"2026-04-04 15:20:34","userId":"SYSTEM"}
{"action":"SERVER_START","details":{"environment":"development","port":"3001"},"id":"AUD_MNK5XHGZDMJTWD","level":"info","message":"[SERVER_START] SERVER","resource":"SERVER","service":"sept-innovation-backend","severity":"INFO","timestamp":"2026-04-04 15:31:27","userId":"SYSTEM"}
{"action":"SERVER_START","details":{"environment":"development","port":"3001"},"id":"AUD_MNK67VOUKUL4B4","level":"info","message":"[SERVER_START] SERVER","resource":"SERVER","service":"sept-innovation-backend","severity":"INFO","timestamp":"2026-04-04 15:39:32","userId":"SYSTEM"}
{"action":"SERVER_START","details":{"environment":"development","port":"3001"},"id":"AUD_MNK6BF6TE4JG1E","level":"info","message":"[SERVER_START] SERVER","resource":"SERVER","service":"sept-innovation-backend","severity":"INFO","timestamp":"2026-04-04 15:42:17","userId":"SYSTEM"}
{"action":"SERVER_START","details":{"environment":"development","port":"3001"},"id":"AUD_MNK6I38MSWU5K8","level":"info","message":"[SERVER_START] SERVER","resource":"SERVER","service":"sept-innovation-backend","severity":"INFO","timestamp":"2026-04-04 15:47:29","userId":"SYSTEM"}
{"action":"SERVER_START","details":{"environment":"development","port":"3001"},"id":"AUD_MNK6JWG9EUBXQJ","level":"info","message":"[SERVER_START] SERVER","resource":"SERVER","service":"sept-innovation-backend","severity":"INFO","timestamp":"2026-04-04 15:48:53","userId":"SYSTEM"}
{"action":"SERVER_START","details":{"environment":"development","port":"3001"},"id":"AUD_MNK6Y5VCSJM9CK","level":"info","message":"[SERVER_START] SERVER","resource":"SERVER","service":"sept-innovation-backend","severity":"INFO","timestamp":"2026-04-04 15:59:58","userId":"SYSTEM"}
{"action":"SERVER_START","details":{"environment":"development","port":"3001"},"id":"AUD_MNK77OC5EMHU82","level":"info","message":"[SERVER_START] SERVER","resource":"SERVER","service":"sept-innovation-backend","severity":"INFO","timestamp":"2026-04-04 16:07:22","userId":"SYSTEM"}
{"action":"SERVER_START","details":{"environment":"development","port":"3001"},"id":"AUD_MNK9B4TFPZUAB3","level":"info","message":"[SERVER_START] SERVER","resource":"SERVER","service":"sept-innovation-backend","severity":"INFO","timestamp":"2026-04-04 17:06:03","userId":"SYSTEM"}
